2025-07-10 17:43:59,560 - INFO - Parsing file: BPCT RAU 07.06.2025 - CHOT DH-C.BAC-21204.xlsx
2025-07-10 17:43:59,791 - INFO - Output written: output/cb/BPCT RAU 07.06.2025 - CHOT DH-C.BAC-21204.json
2025-07-10 17:43:59,806 - INFO - Parsing file: BPCT RAU 08.06.2025 - CHOT DH-C.BAC-21204.xlsx
2025-07-10 17:43:59,865 - INFO - Output written: output/cb/BPCT RAU 08.06.2025 - CHOT DH-C.BAC-21204.json
2025-07-10 17:43:59,870 - INFO - Parsing file: BPCT RAU 09.06 TT NCC-C.BAC-21204.xlsx
2025-07-10 17:43:59,929 - WARNING - Delivery date set to null for BPCT RAU 09.06 TT NCC-C.BAC-21204.xlsx
2025-07-10 17:43:59,931 - INFO - Output written: output/cb/BPCT RAU 09.06 TT NCC-C.BAC-21204.json
2025-07-10 17:43:59,932 - INFO - Parsing file: BPCT RAU 10.06.2025 - CHOT DH-C.BAC-21204.xlsx
2025-07-10 17:43:59,992 - INFO - Output written: output/cb/BPCT RAU 10.06.2025 - CHOT DH-C.BAC-21204.json
2025-07-10 17:43:59,995 - INFO - Parsing file: BPCT RAU 11.06.2025 - CHOT DH-C.BAC-21204.xlsx
2025-07-10 17:44:00,057 - INFO - Output written: output/cb/BPCT RAU 11.06.2025 - CHOT DH-C.BAC-21204.json
2025-07-10 17:44:00,057 - INFO - Parsing file: BPCT RAU 12.06.2025 - CHOT DH-C.BAC-21204.xlsx
2025-07-10 17:44:00,122 - INFO - Output written: output/cb/BPCT RAU 12.06.2025 - CHOT DH-C.BAC-21204.json
2025-07-10 17:44:00,127 - INFO - Parsing file: BPCT RAU 13.06 TT NCC-C.BAC-21204.xlsx
2025-07-10 17:44:00,214 - WARNING - Delivery date set to null for BPCT RAU 13.06 TT NCC-C.BAC-21204.xlsx
2025-07-10 17:44:00,217 - INFO - Output written: output/cb/BPCT RAU 13.06 TT NCC-C.BAC-21204.json
2025-07-10 17:44:00,221 - INFO - Parsing file: BPCT RAU 14.06.2025 - CHOT DH-C.BAC-21204.xlsx
2025-07-10 17:44:00,286 - INFO - Output written: output/cb/BPCT RAU 14.06.2025 - CHOT DH-C.BAC-21204.json
2025-07-10 17:44:00,297 - INFO - Parsing file: BPCT RAU 15.06.2025 - CHOT DH-C.BAC-21204.xlsx
2025-07-10 17:44:00,354 - INFO - Output written: output/cb/BPCT RAU 15.06.2025 - CHOT DH-C.BAC-21204.json
2025-07-10 17:44:00,364 - INFO - Parsing file: BPCT RAU 16.06 TT NCC-C.BAC-21204.xlsx
2025-07-10 17:44:00,418 - WARNING - Delivery date set to null for BPCT RAU 16.06 TT NCC-C.BAC-21204.xlsx
2025-07-10 17:44:00,418 - INFO - Output written: output/cb/BPCT RAU 16.06 TT NCC-C.BAC-21204.json
2025-07-10 17:44:00,432 - INFO - Parsing file: BPCT RAU 17.06.25 - CHOT DH-C.BAC-21204.xlsx
2025-07-10 17:44:00,485 - INFO - Output written: output/cb/BPCT RAU 17.06.25 - CHOT DH-C.BAC-21204.json
2025-07-10 17:44:00,487 - INFO - Parsing file: DH RAU DU KIEN 10.07.25 ( GIAO KHO TOI 09.07.25 )-C.BAC-21204.xlsx
2025-07-10 17:44:00,503 - INFO - Output written: output/cb/DH RAU DU KIEN 10.07.25 ( GIAO KHO TOI 09.07.25 )-C.BAC-21204.json
2025-07-10 17:44:00,510 - INFO - Parsing file: DU KIEN DH RAU 08.07 (GIAO KHO 07.07)-C.BAC-21204.xlsx
2025-07-10 17:44:00,522 - WARNING - Delivery date set to null for DU KIEN DH RAU 08.07 (GIAO KHO 07.07)-C.BAC-21204.xlsx
2025-07-10 17:44:00,524 - INFO - Output written: output/cb/DU KIEN DH RAU 08.07 (GIAO KHO 07.07)-C.BAC-21204.json
2025-07-10 17:44:00,535 - INFO - Parsing file: DU KIEN DH RAU 09.07 (GIAO KHO 08.07)-C.BAC-21204.xlsx
2025-07-10 17:44:00,542 - WARNING - Delivery date set to null for DU KIEN DH RAU 09.07 (GIAO KHO 08.07)-C.BAC-21204.xlsx
2025-07-10 17:44:00,544 - INFO - Output written: output/cb/DU KIEN DH RAU 09.07 (GIAO KHO 08.07)-C.BAC-21204.json
2025-07-10 17:44:00,554 - INFO - Parsing file: DU KIEN DH RAU 11.07 (GIAO KHO 10.07)-C.BAC-21204.xlsx
2025-07-10 17:44:00,562 - WARNING - Delivery date set to null for DU KIEN DH RAU 11.07 (GIAO KHO 10.07)-C.BAC-21204.xlsx
2025-07-10 17:44:00,563 - INFO - Output written: output/cb/DU KIEN DH RAU 11.07 (GIAO KHO 10.07)-C.BAC-21204.json
2025-07-10 17:44:00,574 - INFO - Parsing file: DU KIEN DH RAU 12.07 (GIAO KHO 11.07)-C.BAC-21204.xlsx
2025-07-10 17:44:00,581 - WARNING - Delivery date set to null for DU KIEN DH RAU 12.07 (GIAO KHO 11.07)-C.BAC-21204.xlsx
2025-07-10 17:44:00,583 - INFO - Output written: output/cb/DU KIEN DH RAU 12.07 (GIAO KHO 11.07)-C.BAC-21204.json
2025-07-10 17:58:24,702 - INFO - Parsing file: BPCT RAU 07.06.2025 - CHOT DH-C.BAC-21204.xlsx
2025-07-10 17:58:24,921 - INFO - Output written: output/cb/BPCT RAU 07.06.2025 - CHOT DH-C.BAC-21204.json
2025-07-10 17:58:24,936 - INFO - Parsing file: BPCT RAU 08.06.2025 - CHOT DH-C.BAC-21204.xlsx
2025-07-10 17:58:24,993 - INFO - Output written: output/cb/BPCT RAU 08.06.2025 - CHOT DH-C.BAC-21204.json
2025-07-10 17:58:25,008 - INFO - Parsing file: BPCT RAU 09.06 TT NCC-C.BAC-21204.xlsx
2025-07-10 17:58:25,069 - INFO - Output written: output/cb/BPCT RAU 09.06 TT NCC-C.BAC-21204.json
2025-07-10 17:58:25,069 - INFO - Parsing file: BPCT RAU 10.06.2025 - CHOT DH-C.BAC-21204.xlsx
2025-07-10 17:58:25,143 - INFO - Output written: output/cb/BPCT RAU 10.06.2025 - CHOT DH-C.BAC-21204.json
2025-07-10 17:58:25,153 - INFO - Parsing file: BPCT RAU 11.06.2025 - CHOT DH-C.BAC-21204.xlsx
2025-07-10 17:58:25,208 - INFO - Output written: output/cb/BPCT RAU 11.06.2025 - CHOT DH-C.BAC-21204.json
2025-07-10 17:58:25,208 - INFO - Parsing file: BPCT RAU 12.06.2025 - CHOT DH-C.BAC-21204.xlsx
2025-07-10 17:58:25,284 - INFO - Output written: output/cb/BPCT RAU 12.06.2025 - CHOT DH-C.BAC-21204.json
2025-07-10 17:58:25,284 - INFO - Parsing file: BPCT RAU 13.06 TT NCC-C.BAC-21204.xlsx
2025-07-10 17:58:25,369 - INFO - Output written: output/cb/BPCT RAU 13.06 TT NCC-C.BAC-21204.json
2025-07-10 17:58:25,369 - INFO - Parsing file: BPCT RAU 14.06.2025 - CHOT DH-C.BAC-21204.xlsx
2025-07-10 17:58:25,430 - INFO - Output written: output/cb/BPCT RAU 14.06.2025 - CHOT DH-C.BAC-21204.json
2025-07-10 17:58:25,446 - INFO - Parsing file: BPCT RAU 15.06.2025 - CHOT DH-C.BAC-21204.xlsx
2025-07-10 17:58:25,507 - INFO - Output written: output/cb/BPCT RAU 15.06.2025 - CHOT DH-C.BAC-21204.json
2025-07-10 17:58:25,522 - INFO - Parsing file: BPCT RAU 16.06 TT NCC-C.BAC-21204.xlsx
2025-07-10 17:58:25,583 - INFO - Output written: output/cb/BPCT RAU 16.06 TT NCC-C.BAC-21204.json
2025-07-10 17:58:25,583 - INFO - Parsing file: BPCT RAU 17.06.25 - CHOT DH-C.BAC-21204.xlsx
2025-07-10 17:58:25,652 - INFO - Output written: output/cb/BPCT RAU 17.06.25 - CHOT DH-C.BAC-21204.json
2025-07-10 17:58:25,652 - INFO - Parsing file: DH RAU DU KIEN 10.07.25 ( GIAO KHO TOI 09.07.25 )-C.BAC-21204.xlsx
2025-07-10 17:58:25,680 - INFO - Output written: output/cb/DH RAU DU KIEN 10.07.25 ( GIAO KHO TOI 09.07.25 )-C.BAC-21204.json
2025-07-10 17:58:25,690 - INFO - Parsing file: DU KIEN DH RAU 08.07 (GIAO KHO 07.07)-C.BAC-21204.xlsx
2025-07-10 17:58:25,710 - INFO - Output written: output/cb/DU KIEN DH RAU 08.07 (GIAO KHO 07.07)-C.BAC-21204.json
2025-07-10 17:58:25,716 - INFO - Parsing file: DU KIEN DH RAU 09.07 (GIAO KHO 08.07)-C.BAC-21204.xlsx
2025-07-10 17:58:25,736 - INFO - Output written: output/cb/DU KIEN DH RAU 09.07 (GIAO KHO 08.07)-C.BAC-21204.json
2025-07-10 17:58:25,749 - INFO - Parsing file: DU KIEN DH RAU 11.07 (GIAO KHO 10.07)-C.BAC-21204.xlsx
2025-07-10 17:58:25,766 - INFO - Output written: output/cb/DU KIEN DH RAU 11.07 (GIAO KHO 10.07)-C.BAC-21204.json
2025-07-10 17:58:25,776 - INFO - Parsing file: DU KIEN DH RAU 12.07 (GIAO KHO 11.07)-C.BAC-21204.xlsx
2025-07-10 17:58:25,795 - INFO - Output written: output/cb/DU KIEN DH RAU 12.07 (GIAO KHO 11.07)-C.BAC-21204.json
