2025-07-10 18:29:30,110 - INFO - Parsing file: ĐỒNG XANH 10.07.xlsx
2025-07-10 18:29:30,212 - INFO - Output written: output/satra/ĐỒNG XANH 10.07_pvt.json
2025-07-10 18:29:30,212 - INFO - Output written: output/satra/ĐỒNG XANH 10.07_tn.json
2025-07-10 18:29:30,222 - INFO - Parsing file: ĐỒNG XANH 07.07.xlsx
2025-07-10 18:29:30,283 - INFO - Output written: output/satra/ĐỒNG XANH 07.07_pvt.json
2025-07-10 18:29:30,284 - INFO - Output written: output/satra/ĐỒNG XANH 07.07_tn.json
2025-07-10 18:29:30,293 - INFO - Parsing file: ĐỒNG XANH 08.07.xlsx
2025-07-10 18:29:30,353 - INFO - Output written: output/satra/ĐỒNG XANH 08.07_pvt.json
2025-07-10 18:29:30,353 - INFO - Output written: output/satra/ĐỒNG XANH 08.07_tn.json
2025-07-10 18:29:30,363 - INFO - Parsing file: ĐỒNG XANH 09.07.xlsx
2025-07-10 18:29:30,415 - INFO - Output written: output/satra/ĐỒNG XANH 09.07_pvt.json
2025-07-10 18:29:30,415 - INFO - Output written: output/satra/ĐỒNG XANH 09.07_tn.json
2025-07-10 18:29:30,425 - INFO - Parsing file: ĐỒNG XANH 14.6.2025.xlsx
2025-07-10 18:29:30,488 - INFO - Output written: output/satra/ĐỒNG XANH 14.6.2025_pvt.json
2025-07-10 18:29:30,489 - INFO - Output written: output/satra/ĐỒNG XANH 14.6.2025_tn.json
2025-07-10 18:29:30,492 - INFO - Parsing file: ĐỒNG XANH 15.6.2025.xlsx
2025-07-10 18:29:30,553 - INFO - Output written: output/satra/ĐỒNG XANH 15.6.2025_pvt.json
2025-07-10 18:29:30,554 - INFO - Output written: output/satra/ĐỒNG XANH 15.6.2025_tn.json
2025-07-10 18:29:30,554 - INFO - Parsing file: ĐỒNG XANH 17.6.2025.xlsx
2025-07-10 18:29:30,619 - INFO - Output written: output/satra/ĐỒNG XANH 17.6.2025_pvt.json
2025-07-10 18:29:30,619 - INFO - Output written: output/satra/ĐỒNG XANH 17.6.2025_tn.json
2025-07-10 18:29:30,623 - INFO - Parsing file: ĐỒNG XANH 24.6.2025.xlsx
2025-07-10 18:29:30,702 - INFO - Output written: output/satra/ĐỒNG XANH 24.6.2025_pvt.json
2025-07-10 18:29:30,706 - INFO - Output written: output/satra/ĐỒNG XANH 24.6.2025_tn.json
2025-07-10 19:00:21,635 - INFO - Parsing file: ĐỒNG XANH 10.07.xlsx
2025-07-10 19:00:21,698 - INFO - Output written: output/satra/ĐỒNG XANH 10.07_pvt.json
2025-07-10 19:00:21,698 - INFO - Output written: output/satra/ĐỒNG XANH 10.07_tn.json
2025-07-10 19:00:21,715 - INFO - Parsing file: ĐỒNG XANH 07.07.xlsx
2025-07-10 19:00:21,766 - INFO - Output written: output/satra/ĐỒNG XANH 07.07_pvt.json
2025-07-10 19:00:21,767 - INFO - Output written: output/satra/ĐỒNG XANH 07.07_tn.json
2025-07-10 19:00:21,776 - INFO - Parsing file: ĐỒNG XANH 08.07.xlsx
2025-07-10 19:00:21,826 - INFO - Output written: output/satra/ĐỒNG XANH 08.07_pvt.json
2025-07-10 19:00:21,827 - INFO - Output written: output/satra/ĐỒNG XANH 08.07_tn.json
2025-07-10 19:00:21,831 - INFO - Parsing file: ĐỒNG XANH 09.07.xlsx
2025-07-10 19:00:21,885 - INFO - Output written: output/satra/ĐỒNG XANH 09.07_pvt.json
2025-07-10 19:00:21,885 - INFO - Output written: output/satra/ĐỒNG XANH 09.07_tn.json
2025-07-10 19:00:21,887 - INFO - Parsing file: ĐỒNG XANH 14.6.2025.xlsx
2025-07-10 19:00:21,941 - INFO - Output written: output/satra/ĐỒNG XANH 14.6.2025_pvt.json
2025-07-10 19:00:21,942 - INFO - Output written: output/satra/ĐỒNG XANH 14.6.2025_tn.json
2025-07-10 19:00:21,942 - INFO - Parsing file: ĐỒNG XANH 15.6.2025.xlsx
2025-07-10 19:00:21,999 - INFO - Output written: output/satra/ĐỒNG XANH 15.6.2025_pvt.json
2025-07-10 19:00:22,000 - INFO - Output written: output/satra/ĐỒNG XANH 15.6.2025_tn.json
2025-07-10 19:00:22,009 - INFO - Parsing file: ĐỒNG XANH 17.6.2025.xlsx
2025-07-10 19:00:22,054 - INFO - Output written: output/satra/ĐỒNG XANH 17.6.2025_pvt.json
2025-07-10 19:00:22,054 - INFO - Output written: output/satra/ĐỒNG XANH 17.6.2025_tn.json
2025-07-10 19:00:22,064 - INFO - Parsing file: ĐỒNG XANH 24.6.2025.xlsx
2025-07-10 19:00:22,110 - INFO - Output written: output/satra/ĐỒNG XANH 24.6.2025_pvt.json
2025-07-10 19:00:22,110 - INFO - Output written: output/satra/ĐỒNG XANH 24.6.2025_tn.json
2025-07-10 19:00:48,307 - INFO - Parsing file: ĐỒNG XANH 10.07.xlsx
2025-07-10 19:00:48,370 - INFO - Output written: output/satra/ĐỒNG XANH 10.07_pvt.json
2025-07-10 19:00:48,370 - INFO - Output written: output/satra/ĐỒNG XANH 10.07_tn.json
2025-07-10 19:00:48,370 - INFO - Parsing file: ĐỒNG XANH 07.07.xlsx
2025-07-10 19:00:48,430 - INFO - Output written: output/satra/ĐỒNG XANH 07.07_pvt.json
2025-07-10 19:00:48,431 - INFO - Output written: output/satra/ĐỒNG XANH 07.07_tn.json
2025-07-10 19:00:48,441 - INFO - Parsing file: ĐỒNG XANH 08.07.xlsx
2025-07-10 19:00:48,491 - INFO - Output written: output/satra/ĐỒNG XANH 08.07_pvt.json
2025-07-10 19:00:48,492 - INFO - Output written: output/satra/ĐỒNG XANH 08.07_tn.json
2025-07-10 19:00:48,497 - INFO - Parsing file: ĐỒNG XANH 09.07.xlsx
2025-07-10 19:00:48,549 - INFO - Output written: output/satra/ĐỒNG XANH 09.07_pvt.json
2025-07-10 19:00:48,550 - INFO - Output written: output/satra/ĐỒNG XANH 09.07_tn.json
2025-07-10 19:00:48,553 - INFO - Parsing file: ĐỒNG XANH 14.6.2025.xlsx
2025-07-10 19:00:48,605 - INFO - Output written: output/satra/ĐỒNG XANH 14.6.2025_pvt.json
2025-07-10 19:00:48,606 - INFO - Output written: output/satra/ĐỒNG XANH 14.6.2025_tn.json
2025-07-10 19:00:48,608 - INFO - Parsing file: ĐỒNG XANH 15.6.2025.xlsx
2025-07-10 19:00:48,664 - INFO - Output written: output/satra/ĐỒNG XANH 15.6.2025_pvt.json
2025-07-10 19:00:48,665 - INFO - Output written: output/satra/ĐỒNG XANH 15.6.2025_tn.json
2025-07-10 19:00:48,674 - INFO - Parsing file: ĐỒNG XANH 17.6.2025.xlsx
2025-07-10 19:00:48,723 - INFO - Output written: output/satra/ĐỒNG XANH 17.6.2025_pvt.json
2025-07-10 19:00:48,724 - INFO - Output written: output/satra/ĐỒNG XANH 17.6.2025_tn.json
2025-07-10 19:00:48,733 - INFO - Parsing file: ĐỒNG XANH 24.6.2025.xlsx
2025-07-10 19:00:48,780 - INFO - Output written: output/satra/ĐỒNG XANH 24.6.2025_pvt.json
2025-07-10 19:00:48,782 - INFO - Output written: output/satra/ĐỒNG XANH 24.6.2025_tn.json
2025-07-10 19:01:40,447 - INFO - Parsing file: ĐỒNG XANH 10.07.xlsx
2025-07-10 19:01:40,507 - INFO - Output written: output/satra/ĐỒNG XANH 10.07_pvt.json
2025-07-10 19:01:40,507 - INFO - Output written: output/satra/ĐỒNG XANH 10.07_tn.json
2025-07-10 19:01:40,517 - INFO - Parsing file: ĐỒNG XANH 07.07.xlsx
2025-07-10 19:01:40,572 - INFO - Output written: output/satra/ĐỒNG XANH 07.07_pvt.json
2025-07-10 19:01:40,572 - INFO - Output written: output/satra/ĐỒNG XANH 07.07_tn.json
2025-07-10 19:01:40,585 - INFO - Parsing file: ĐỒNG XANH 08.07.xlsx
2025-07-10 19:01:40,637 - INFO - Output written: output/satra/ĐỒNG XANH 08.07_pvt.json
2025-07-10 19:01:40,638 - INFO - Output written: output/satra/ĐỒNG XANH 08.07_tn.json
2025-07-10 19:01:40,642 - INFO - Parsing file: ĐỒNG XANH 09.07.xlsx
2025-07-10 19:01:40,696 - INFO - Output written: output/satra/ĐỒNG XANH 09.07_pvt.json
2025-07-10 19:01:40,697 - INFO - Output written: output/satra/ĐỒNG XANH 09.07_tn.json
2025-07-10 19:01:40,704 - INFO - Parsing file: ĐỒNG XANH 14.6.2025.xlsx
2025-07-10 19:01:40,753 - INFO - Output written: output/satra/ĐỒNG XANH 14.6.2025_pvt.json
2025-07-10 19:01:40,753 - INFO - Output written: output/satra/ĐỒNG XANH 14.6.2025_tn.json
2025-07-10 19:01:40,765 - INFO - Parsing file: ĐỒNG XANH 15.6.2025.xlsx
2025-07-10 19:01:40,812 - INFO - Output written: output/satra/ĐỒNG XANH 15.6.2025_pvt.json
2025-07-10 19:01:40,813 - INFO - Output written: output/satra/ĐỒNG XANH 15.6.2025_tn.json
2025-07-10 19:01:40,822 - INFO - Parsing file: ĐỒNG XANH 17.6.2025.xlsx
2025-07-10 19:01:40,864 - INFO - Output written: output/satra/ĐỒNG XANH 17.6.2025_pvt.json
2025-07-10 19:01:40,864 - INFO - Output written: output/satra/ĐỒNG XANH 17.6.2025_tn.json
2025-07-10 19:01:40,880 - INFO - Parsing file: ĐỒNG XANH 24.6.2025.xlsx
2025-07-10 19:01:40,919 - INFO - Output written: output/satra/ĐỒNG XANH 24.6.2025_pvt.json
2025-07-10 19:01:40,919 - INFO - Output written: output/satra/ĐỒNG XANH 24.6.2025_tn.json
2025-07-10 19:28:00,174 - INFO - Parsing file: ĐỒNG XANH 10.07.xlsx
2025-07-10 19:28:00,226 - INFO - Output written: output/satra/ĐỒNG XANH 10.07_pvt.json
2025-07-10 19:28:00,226 - INFO - Output written: output/satra/ĐỒNG XANH 10.07_tn.json
2025-07-10 19:28:00,241 - INFO - Parsing file: ĐỒNG XANH 07.07.xlsx
2025-07-10 19:28:00,297 - INFO - Output written: output/satra/ĐỒNG XANH 07.07_pvt.json
2025-07-10 19:28:00,297 - INFO - Output written: output/satra/ĐỒNG XANH 07.07_tn.json
2025-07-10 19:28:00,297 - INFO - Parsing file: ĐỒNG XANH 08.07.xlsx
2025-07-10 19:28:00,353 - INFO - Output written: output/satra/ĐỒNG XANH 08.07_pvt.json
2025-07-10 19:28:00,353 - INFO - Output written: output/satra/ĐỒNG XANH 08.07_tn.json
2025-07-10 19:28:00,373 - INFO - Parsing file: ĐỒNG XANH 09.07.xlsx
2025-07-10 19:28:00,423 - INFO - Output written: output/satra/ĐỒNG XANH 09.07_pvt.json
2025-07-10 19:28:00,424 - INFO - Output written: output/satra/ĐỒNG XANH 09.07_tn.json
2025-07-10 19:28:00,429 - INFO - Parsing file: ĐỒNG XANH 14.6.2025.xlsx
2025-07-10 19:28:00,481 - INFO - Output written: output/satra/ĐỒNG XANH 14.6.2025_pvt.json
2025-07-10 19:28:00,481 - INFO - Output written: output/satra/ĐỒNG XANH 14.6.2025_tn.json
2025-07-10 19:28:00,485 - INFO - Parsing file: ĐỒNG XANH 15.6.2025.xlsx
2025-07-10 19:28:00,533 - INFO - Output written: output/satra/ĐỒNG XANH 15.6.2025_pvt.json
2025-07-10 19:28:00,533 - INFO - Output written: output/satra/ĐỒNG XANH 15.6.2025_tn.json
2025-07-10 19:28:00,533 - INFO - Parsing file: ĐỒNG XANH 17.6.2025.xlsx
2025-07-10 19:28:00,596 - INFO - Output written: output/satra/ĐỒNG XANH 17.6.2025_pvt.json
2025-07-10 19:28:00,596 - INFO - Output written: output/satra/ĐỒNG XANH 17.6.2025_tn.json
2025-07-10 19:28:00,596 - INFO - Parsing file: ĐỒNG XANH 24.6.2025.xlsx
2025-07-10 19:28:00,655 - INFO - Output written: output/satra/ĐỒNG XANH 24.6.2025_pvt.json
2025-07-10 19:28:00,655 - INFO - Output written: output/satra/ĐỒNG XANH 24.6.2025_tn.json
2025-07-10 19:28:19,196 - INFO - Parsing file: ĐỒNG XANH 10.07.xlsx
2025-07-10 19:28:19,258 - INFO - Output written: output/satra/ĐỒNG XANH 10.07_pvt.json
2025-07-10 19:28:19,258 - INFO - Output written: output/satra/ĐỒNG XANH 10.07_tn.json
2025-07-10 19:28:19,258 - INFO - Parsing file: ĐỒNG XANH 07.07.xlsx
2025-07-10 19:28:19,317 - INFO - Output written: output/satra/ĐỒNG XANH 07.07_pvt.json
2025-07-10 19:28:19,317 - INFO - Output written: output/satra/ĐỒNG XANH 07.07_tn.json
2025-07-10 19:28:19,333 - INFO - Parsing file: ĐỒNG XANH 08.07.xlsx
2025-07-10 19:28:19,373 - INFO - Output written: output/satra/ĐỒNG XANH 08.07_pvt.json
2025-07-10 19:28:19,373 - INFO - Output written: output/satra/ĐỒNG XANH 08.07_tn.json
2025-07-10 19:28:19,395 - INFO - Parsing file: ĐỒNG XANH 09.07.xlsx
2025-07-10 19:28:19,444 - INFO - Output written: output/satra/ĐỒNG XANH 09.07_pvt.json
2025-07-10 19:28:19,445 - INFO - Output written: output/satra/ĐỒNG XANH 09.07_tn.json
2025-07-10 19:28:19,449 - INFO - Parsing file: ĐỒNG XANH 14.6.2025.xlsx
2025-07-10 19:28:19,503 - INFO - Output written: output/satra/ĐỒNG XANH 14.6.2025_pvt.json
2025-07-10 19:28:19,503 - INFO - Output written: output/satra/ĐỒNG XANH 14.6.2025_tn.json
2025-07-10 19:28:19,506 - INFO - Parsing file: ĐỒNG XANH 15.6.2025.xlsx
2025-07-10 19:28:19,554 - INFO - Output written: output/satra/ĐỒNG XANH 15.6.2025_pvt.json
2025-07-10 19:28:19,554 - INFO - Output written: output/satra/ĐỒNG XANH 15.6.2025_tn.json
2025-07-10 19:28:19,570 - INFO - Parsing file: ĐỒNG XANH 17.6.2025.xlsx
2025-07-10 19:28:19,620 - INFO - Output written: output/satra/ĐỒNG XANH 17.6.2025_pvt.json
2025-07-10 19:28:19,620 - INFO - Output written: output/satra/ĐỒNG XANH 17.6.2025_tn.json
2025-07-10 19:28:19,632 - INFO - Parsing file: ĐỒNG XANH 24.6.2025.xlsx
2025-07-10 19:28:19,687 - INFO - Output written: output/satra/ĐỒNG XANH 24.6.2025_pvt.json
2025-07-10 19:28:19,687 - INFO - Output written: output/satra/ĐỒNG XANH 24.6.2025_tn.json
